<?xml version="1.0" encoding="UTF-8"?>
<!-- Generated by org.testng.reporters.JUnitReportReporter -->
<testsuite skipped="0" hostname="LAPTOP-11V0G4KM" name="api.restassured2.Login" tests="5" failures="0" timestamp="15 May 2022 00:32:43 GMT" time="8.601" errors="0">
  <testcase name="logvels" time="3.751" classname="api.restassured2.Login"/>
  <testcase name="CreateAddress" time="0.975" classname="api.restassured2.Login"/>
  <testcase name="UpdateAddress" time="1.024" classname="api.restassured2.Login"/>
  <testcase name="GetAddress" time="1.262" classname="api.restassured2.Login"/>
  <testcase name="DeleteAddress" time="1.589" classname="api.restassured2.Login"/>
</testsuite> <!-- api.restassured2.Login -->
